<?xml version="1.0" encoding="UTF-8"?>
<!-- Generated by org.testng.reporters.JUnitReportReporter -->
<testsuite skipped="0" hostname="DESKTOP-2LM1G75" name="tests.AddProductToCompareTest" tests="2" failures="0" timestamp="2023-01-28T11:56:45 WAT" time="9.492" errors="0">
  <testcase name="UserCanCompareProducts" time="8.530" classname="tests.AddProductToCompareTest"/>
  <system-out/>
  <testcase name="UserCanClearCompareList" time="0.962" classname="tests.AddProductToCompareTest"/>
  <system-out/>
</testsuite> <!-- tests.AddProductToCompareTest -->
