<?xml version="1.0" encoding="UTF-8"?>
<!-- Generated by org.testng.reporters.JUnitReportReporter -->
<testsuite skipped="0" hostname="DESKTOP-2LM1G75" name="tests.AddProductToCompareTest" tests="2" failures="0" timestamp="2023-01-28T09:20:03 WAT" time="13.739" errors="0">
  <testcase name="UserCanCompareProducts" time="12.744" classname="tests.AddProductToCompareTest"/>
  <system-out/>
  <testcase name="UserCanClearCompareList" time="0.995" classname="tests.AddProductToCompareTest"/>
  <system-out/>
</testsuite> <!-- tests.AddProductToCompareTest -->
