<?xml version="1.0" encoding="UTF-8"?>
<!-- Generated by org.testng.reporters.JUnitReportReporter -->
<testsuite skipped="0" hostname="DESKTOP-2LM1G75" name="tests.AddProductToCompareTest" tests="2" failures="0" timestamp="2023-01-24T12:01:41 WAT" time="14.660" errors="0">
  <testcase name="UserCanCompareProducts" time="13.623" classname="tests.AddProductToCompareTest"/>
  <system-out/>
  <testcase name="UserCanClearCompareList" time="1.037" classname="tests.AddProductToCompareTest"/>
  <system-out/>
</testsuite> <!-- tests.AddProductToCompareTest -->
