<?xml version="1.0" encoding="UTF-8"?>
<!-- Generated by org.testng.reporters.JUnitReportReporter -->
<testsuite skipped="0" hostname="DESKTOP-2LM1G75" name="tests.ChangeCurrencyTest" tests="2" failures="0" timestamp="2023-01-24T12:01:41 WAT" time="4.668" errors="0">
  <testcase name="UserCanCanChangeCurrency" time="1.265" classname="tests.ChangeCurrencyTest"/>
  <system-out/>
  <testcase name="UserCanSearchWithAutoSuggest" time="3.403" classname="tests.ChangeCurrencyTest"/>
  <system-out/>
</testsuite> <!-- tests.ChangeCurrencyTest -->
