<?xml version="1.0" encoding="UTF-8"?>
<!-- Generated by org.testng.reporters.JUnitReportReporter -->
<testsuite skipped="0" hostname="DESKTOP-2LM1G75" name="tests.EmailFriendTest" tests="5" failures="0" timestamp="2023-01-24T12:01:41 WAT" time="12.111" errors="0">
  <testcase name="RegisteredUserCanLogin" time="2.226" classname="tests.EmailFriendTest"/>
  <system-out/>
  <testcase name="UserCanRegisterSuccssfully" time="3.763" classname="tests.EmailFriendTest"/>
  <system-out/>
  <testcase name="UserCanSearchWithAutoSuggest" time="2.636" classname="tests.EmailFriendTest"/>
  <system-out/>
  <testcase name="RegisteredUserCanSendProductToFriend" time="2.247" classname="tests.EmailFriendTest"/>
  <system-out/>
  <testcase name="RegisteredUserCanLogout" time="1.239" classname="tests.EmailFriendTest"/>
  <system-out/>
</testsuite> <!-- tests.EmailFriendTest -->
