<?xml version="1.0" encoding="UTF-8"?>
<!-- Generated by org.testng.reporters.JUnitReportReporter -->
<testsuite skipped="0" hostname="DESKTOP-2LM1G75" name="tests.RegisteredUserCheckoutProductTest" tests="6" failures="0" timestamp="2023-01-24T12:01:41 WAT" time="24.968" errors="0">
  <testcase name="RegisteredUserCanLogin" time="1.873" classname="tests.RegisteredUserCheckoutProductTest"/>
  <system-out/>
  <testcase name="UserCanRegisterSuccssfully" time="2.469" classname="tests.RegisteredUserCheckoutProductTest"/>
  <system-out/>
  <testcase name="UserCanSearchWithAutoSuggest" time="2.570" classname="tests.RegisteredUserCheckoutProductTest"/>
  <system-out/>
  <testcase name="UserCanAddProductToShoppingCart" time="2.067" classname="tests.RegisteredUserCheckoutProductTest"/>
  <system-out/>
  <testcase name="UserCanCheckoutProduct" time="13.989" classname="tests.RegisteredUserCheckoutProductTest"/>
  <system-out/>
  <testcase name="RegisteredUserCanLogout" time="2.000" classname="tests.RegisteredUserCheckoutProductTest"/>
  <system-out/>
</testsuite> <!-- tests.RegisteredUserCheckoutProductTest -->
