<?xml version="1.0" encoding="UTF-8"?>
<!-- Generated by org.testng.reporters.JUnitReportReporter -->
<testsuite skipped="0" hostname="DESKTOP-2LM1G75" name="tests.GuestCheckoutProductFromCartTest" tests="4" failures="0" timestamp="2023-01-28T09:20:04 WAT" time="32.546" errors="0">
  <testcase name="UserCanSearchForProductsWithAutoSuggest" time="10.078" classname="tests.GuestCheckoutProductFromCartTest"/>
  <system-out/>
  <testcase name="UserCanAddProductToShoppingCart" time="3.777" classname="tests.GuestCheckoutProductFromCartTest"/>
  <system-out/>
  <testcase name="UserCanCheckoutProduct" time="12.420" classname="tests.GuestCheckoutProductFromCartTest"/>
  <system-out/>
  <testcase name="UserCanViewOrderDetails" time="6.271" classname="tests.GuestCheckoutProductFromCartTest"/>
  <system-out/>
</testsuite> <!-- tests.GuestCheckoutProductFromCartTest -->
