<?xml version="1.0" encoding="UTF-8"?>
<!-- Generated by org.testng.reporters.JUnitReportReporter -->
<testsuite skipped="0" hostname="DESKTOP-2LM1G75" name="tests.RegisteredUserCheckoutProductTest" tests="6" failures="0" timestamp="2023-01-28T09:20:04 WAT" time="22.533" errors="0">
  <testcase name="RegisteredUserCanLogin" time="1.631" classname="tests.RegisteredUserCheckoutProductTest"/>
  <system-out/>
  <testcase name="UserCanRegisterSuccssfully" time="2.295" classname="tests.RegisteredUserCheckoutProductTest"/>
  <system-out/>
  <testcase name="UserCanSearchWithAutoSuggest" time="2.213" classname="tests.RegisteredUserCheckoutProductTest"/>
  <system-out/>
  <testcase name="UserCanAddProductToShoppingCart" time="1.786" classname="tests.RegisteredUserCheckoutProductTest"/>
  <system-out/>
  <testcase name="UserCanCheckoutProduct" time="13.401" classname="tests.RegisteredUserCheckoutProductTest"/>
  <system-out/>
  <testcase name="RegisteredUserCanLogout" time="1.207" classname="tests.RegisteredUserCheckoutProductTest"/>
  <system-out/>
</testsuite> <!-- tests.RegisteredUserCheckoutProductTest -->
