<?xml version="1.0" encoding="UTF-8"?>
<!-- Generated by org.testng.reporters.JUnitReportReporter -->
<testsuite skipped="0" hostname="DESKTOP-2LM1G75" name="tests.AddProductToShoppingCartTest" tests="3" failures="0" timestamp="2023-01-24T12:01:41 WAT" time="6.759" errors="0">
  <testcase name="UserCanSearchForProductsWithAutoSuggest" time="2.302" classname="tests.AddProductToShoppingCartTest"/>
  <system-out/>
  <testcase name="UserCanAddProductToShoppingCart" time="2.311" classname="tests.AddProductToShoppingCartTest"/>
  <system-out/>
  <testcase name="UserCanRemoveProductFromCart" time="2.146" classname="tests.AddProductToShoppingCartTest"/>
  <system-out/>
</testsuite> <!-- tests.AddProductToShoppingCartTest -->
