<?xml version="1.0" encoding="UTF-8"?>
<!-- Generated by org.testng.reporters.JUnitReportReporter -->
<testsuite skipped="0" hostname="DESKTOP-2LM1G75" name="tests.AddProductToWishListTest" tests="3" failures="0" timestamp="2023-01-24T12:01:41 WAT" time="4.301" errors="0">
  <testcase name="UserCanSearchForProductsWithAutoSuggest" time="2.399" classname="tests.AddProductToWishListTest"/>
  <system-out/>
  <testcase name="UserCanAddProductToWishlist" time="1.102" classname="tests.AddProductToWishListTest"/>
  <system-out/>
  <testcase name="UserCanRemoveProductFromCart" time="0.800" classname="tests.AddProductToWishListTest"/>
  <system-out/>
</testsuite> <!-- tests.AddProductToWishListTest -->
