<?xml version="1.0" encoding="UTF-8"?>
<!-- Generated by org.testng.reporters.JUnitReportReporter -->
<testsuite skipped="0" hostname="DESKTOP-2LM1G75" name="tests.GuestCheckoutProductFromCartTest" tests="4" failures="0" timestamp="2023-01-24T12:01:41 WAT" time="25.578" errors="0">
  <testcase name="UserCanSearchForProductsWithAutoSuggest" time="2.448" classname="tests.GuestCheckoutProductFromCartTest"/>
  <system-out/>
  <testcase name="UserCanAddProductToShoppingCart" time="3.238" classname="tests.GuestCheckoutProductFromCartTest"/>
  <system-out/>
  <testcase name="UserCanCheckoutProduct" time="12.302" classname="tests.GuestCheckoutProductFromCartTest"/>
  <system-out/>
  <testcase name="UserCanViewOrderDetails" time="7.590" classname="tests.GuestCheckoutProductFromCartTest"/>
  <system-out/>
</testsuite> <!-- tests.GuestCheckoutProductFromCartTest -->
