<?xml version="1.0" encoding="UTF-8"?>
<!-- Generated by org.testng.reporters.JUnitReportReporter -->
<testsuite skipped="0" hostname="DESKTOP-2LM1G75" name="tests.MyAccountTest" tests="5" failures="0" timestamp="2023-01-24T12:01:41 WAT" time="11.639" errors="0">
  <testcase name="RegisteredUserCanLogin" time="2.327" classname="tests.MyAccountTest"/>
  <system-out/>
  <testcase name="UserCanRegisterSuccssfully" time="2.553" classname="tests.MyAccountTest"/>
  <system-out/>
  <testcase name="RegisteredUserCanChangePassword" time="3.579" classname="tests.MyAccountTest"/>
  <system-out/>
  <testcase name="RegisteredUserCanLoginAgain" time="2.213" classname="tests.MyAccountTest"/>
  <system-out/>
  <testcase name="UserLogout" time="0.967" classname="tests.MyAccountTest"/>
  <system-out/>
</testsuite> <!-- tests.MyAccountTest -->
