<?xml version="1.0" encoding="UTF-8"?>
<!-- Generated by org.testng.reporters.JUnitReportReporter -->
<testsuite skipped="0" hostname="DESKTOP-2LM1G75" name="tests.AddProductReviewTest" tests="5" failures="0" timestamp="2023-01-24T12:01:41 WAT" time="11.370" errors="0">
  <testcase name="RegisteredUserCanLogin" time="2.399" classname="tests.AddProductReviewTest"/>
  <system-out/>
  <testcase name="UserCanRegisterSuccssfully" time="2.991" classname="tests.AddProductReviewTest"/>
  <system-out/>
  <testcase name="UserCanSearchWithAutoSuggest" time="2.734" classname="tests.AddProductReviewTest"/>
  <system-out/>
  <testcase name="RegisteredUserCanReviewProduct" time="2.264" classname="tests.AddProductReviewTest"/>
  <system-out/>
  <testcase name="RegisteredUserCanLogout" time="0.982" classname="tests.AddProductReviewTest"/>
  <system-out/>
</testsuite> <!-- tests.AddProductReviewTest -->
