<?xml version="1.0" encoding="UTF-8"?>
<!-- Generated by org.testng.reporters.JUnitReportReporter -->
<testsuite skipped="0" hostname="DESKTOP-2LM1G75" name="tests.ProductHoverMenuTest" tests="1" failures="0" timestamp="2023-01-28T09:20:04 WAT" time="1.111" errors="0">
  <testcase name="UserCanSelectSubCategoryFromMainMenu" time="1.111" classname="tests.ProductHoverMenuTest"/>
  <system-out/>
</testsuite> <!-- tests.ProductHoverMenuTest -->
