<?xml version="1.0" encoding="UTF-8"?>
<!-- Generated by org.testng.reporters.JUnitReportReporter -->
<testsuite skipped="0" hostname="DESKTOP-2LM1G75" name="tests.ProductHoverMenuTest" tests="1" failures="0" timestamp="2023-01-24T13:01:30 WAT" time="2.085" errors="0">
  <testcase name="UserCanSelectSubCategoryFromMainMenu" time="2.085" classname="tests.ProductHoverMenuTest"/>
  <system-out/>
</testsuite> <!-- tests.ProductHoverMenuTest -->
