<?xml version="1.0" encoding="UTF-8"?>
<!-- Generated by org.testng.reporters.JUnitReportReporter -->
<testsuite skipped="0" hostname="DESKTOP-2LM1G75" name="tests.AddProductReviewTest" tests="5" failures="0" timestamp="2023-01-28T09:20:03 WAT" time="9.061" errors="0">
  <testcase name="RegisteredUserCanLogin" time="1.726" classname="tests.AddProductReviewTest"/>
  <system-out/>
  <testcase name="UserCanRegisterSuccssfully" time="2.467" classname="tests.AddProductReviewTest"/>
  <system-out/>
  <testcase name="UserCanSearchWithAutoSuggest" time="2.205" classname="tests.AddProductReviewTest"/>
  <system-out/>
  <testcase name="RegisteredUserCanReviewProduct" time="1.862" classname="tests.AddProductReviewTest"/>
  <system-out/>
  <testcase name="RegisteredUserCanLogout" time="0.801" classname="tests.AddProductReviewTest"/>
  <system-out/>
</testsuite> <!-- tests.AddProductReviewTest -->
