<?xml version="1.0" encoding="UTF-8"?>
<!-- Generated by org.testng.reporters.JUnitReportReporter -->
<testsuite skipped="0" hostname="DESKTOP-2LM1G75" name="tests.EmailFriendTest" tests="5" failures="0" timestamp="2023-01-28T09:20:04 WAT" time="8.934" errors="0">
  <testcase name="RegisteredUserCanLogin" time="1.892" classname="tests.EmailFriendTest"/>
  <system-out/>
  <testcase name="UserCanRegisterSuccssfully" time="2.433" classname="tests.EmailFriendTest"/>
  <system-out/>
  <testcase name="UserCanSearchWithAutoSuggest" time="2.279" classname="tests.EmailFriendTest"/>
  <system-out/>
  <testcase name="RegisteredUserCanSendProductToFriend" time="1.469" classname="tests.EmailFriendTest"/>
  <system-out/>
  <testcase name="RegisteredUserCanLogout" time="0.861" classname="tests.EmailFriendTest"/>
  <system-out/>
</testsuite> <!-- tests.EmailFriendTest -->
