<?xml version="1.0" encoding="UTF-8"?>
<!-- Generated by org.testng.reporters.JUnitReportReporter -->
<testsuite skipped="0" hostname="DESKTOP-2LM1G75" name="tests.SearchProductUsingAutoSuggestTest" tests="1" failures="0" timestamp="2023-01-24T12:01:41 WAT" time="9.898" errors="0">
  <testcase name="UserCanSearchWithAutoSuggest" time="9.898" classname="tests.SearchProductUsingAutoSuggestTest"/>
  <system-out/>
</testsuite> <!-- tests.SearchProductUsingAutoSuggestTest -->
