<?xml version="1.0" encoding="UTF-8"?>
<!-- Generated by org.testng.reporters.JUnitReportReporter -->
<testsuite skipped="0" hostname="DESKTOP-2LM1G75" name="tests.MyAccountTest" tests="5" failures="0" timestamp="2023-01-28T09:20:04 WAT" time="9.621" errors="0">
  <testcase name="RegisteredUserCanLogin" time="1.704" classname="tests.MyAccountTest"/>
  <system-out/>
  <testcase name="UserCanRegisterSuccssfully" time="2.447" classname="tests.MyAccountTest"/>
  <system-out/>
  <testcase name="RegisteredUserCanChangePassword" time="2.903" classname="tests.MyAccountTest"/>
  <system-out/>
  <testcase name="RegisteredUserCanLoginAgain" time="1.789" classname="tests.MyAccountTest"/>
  <system-out/>
  <testcase name="UserLogout" time="0.778" classname="tests.MyAccountTest"/>
  <system-out/>
</testsuite> <!-- tests.MyAccountTest -->
