<?xml version="1.0" encoding="UTF-8"?>
<!-- Generated by org.testng.reporters.JUnitReportReporter -->
<testsuite skipped="0" hostname="DESKTOP-2LM1G75" name="tests.UserRegistrationTest" tests="3" failures="0" timestamp="2023-01-24T12:01:41 WAT" time="6.838" errors="0">
  <testcase name="RegisteredUserCanLogin" time="2.300" classname="tests.UserRegistrationTest"/>
  <system-out/>
  <testcase name="RegisteredUserCanLogout" time="1.055" classname="tests.UserRegistrationTest"/>
  <system-out/>
  <testcase name="UserCanRegisterSuccssfully" time="3.483" classname="tests.UserRegistrationTest"/>
  <system-out/>
</testsuite> <!-- tests.UserRegistrationTest -->
