<?xml version="1.0" encoding="UTF-8"?>
<!-- Generated by org.testng.reporters.JUnitReportReporter -->
<testsuite hostname="DESKTOP-2LM1G75" failures="0" tests="1" name="tests.ContactUsTest" time="4.861" errors="0" timestamp="28 janv. 2023 08:24:05 GMT" skipped="0">
  <testcase classname="tests.ContactUsTest" name="UserCanUseContactUs" time="4.861"/>
</testsuite> <!-- tests.ContactUsTest -->
