<?xml version="1.0" encoding="UTF-8"?>
<!-- Generated by org.testng.reporters.JUnitReportReporter -->
<testsuite hostname="DESKTOP-2LM1G75" failures="0" tests="1" name="tests.SearchProductTest" time="3.757" errors="0" timestamp="28 janv. 2023 08:24:05 GMT" skipped="0">
  <testcase classname="tests.SearchProductTest" name="UserCanSearchForProducts" time="3.757"/>
</testsuite> <!-- tests.SearchProductTest -->
