<?xml version="1.0" encoding="UTF-8"?>
<!-- Generated by org.testng.reporters.JUnitReportReporter -->
<testsuite hostname="DESKTOP-2LM1G75" failures="0" tests="1" name="tests.SearchProductUsingAutoSuggestTest" time="3.289" errors="0" timestamp="28 janv. 2023 08:24:05 GMT" skipped="0">
  <testcase classname="tests.SearchProductUsingAutoSuggestTest" name="UserCanSearchWithAutoSuggest" time="3.289"/>
</testsuite> <!-- tests.SearchProductUsingAutoSuggestTest -->
