<?xml version="1.0" encoding="UTF-8"?>
<!-- Generated by org.testng.reporters.JUnitReportReporter -->
<testsuite hostname="DESKTOP-2LM1G75" failures="0" tests="1" name="tests.SearchProductTest" time="11.158" errors="0" timestamp="24 janv. 2023 11:27:58 GMT" skipped="0">
  <testcase classname="tests.SearchProductTest" name="UserCanSearchForProducts" time="11.158"/>
</testsuite> <!-- tests.SearchProductTest -->
