<?xml version="1.0" encoding="UTF-8"?>
<!-- Generated by org.testng.reporters.JUnitReportReporter -->
<testsuite hostname="DESKTOP-2LM1G75" failures="0" tests="1" name="tests.SearchProductUsingAutoSuggestTest" time="2.951" errors="0" timestamp="24 janv. 2023 11:27:58 GMT" skipped="0">
  <testcase classname="tests.SearchProductUsingAutoSuggestTest" name="UserCanSearchWithAutoSuggest" time="2.951"/>
</testsuite> <!-- tests.SearchProductUsingAutoSuggestTest -->
